{"cause":{"commonWireVersion":0,"compatible":true,"heartbeatFrequencyMS":10000,"localThresholdMS":15,"logicalSessionTimeoutMinutes":null,"maxElectionId":null,"maxSetVersion":null,"servers":{"127.0.0.1:27017":{"$clusterTime":null,"address":"127.0.0.1:27017","arbiters":[],"electionId":null,"error":{"beforeHandshake":false,"errorLabelSet":{}},"hosts":[],"iscryptd":false,"lastUpdateTime":9382804,"lastWriteDate":0,"logicalSessionTimeoutMinutes":null,"maxBsonObjectSize":null,"maxMessageSizeBytes":null,"maxWireVersion":0,"maxWriteBatchSize":null,"me":null,"minRoundTripTime":0,"minWireVersion":0,"passives":[],"primary":null,"roundTripTime":-1,"setName":null,"setVersion":null,"tags":{},"topologyVersion":null,"type":"Unknown"}},"setName":null,"stale":false,"type":"Unknown"},"errorLabelSet":{},"level":"error","message":"Error connecting to database connect ECONNREFUSED 127.0.0.1:27017","reason":{"commonWireVersion":0,"compatible":true,"heartbeatFrequencyMS":10000,"localThresholdMS":15,"logicalSessionTimeoutMinutes":null,"maxElectionId":null,"maxSetVersion":null,"servers":{"127.0.0.1:27017":{"$clusterTime":null,"address":"127.0.0.1:27017","arbiters":[],"electionId":null,"error":{"beforeHandshake":false,"errorLabelSet":{}},"hosts":[],"iscryptd":false,"lastUpdateTime":9382804,"lastWriteDate":0,"logicalSessionTimeoutMinutes":null,"maxBsonObjectSize":null,"maxMessageSizeBytes":null,"maxWireVersion":0,"maxWriteBatchSize":null,"me":null,"minRoundTripTime":0,"minWireVersion":0,"passives":[],"primary":null,"roundTripTime":-1,"setName":null,"setVersion":null,"tags":{},"topologyVersion":null,"type":"Unknown"}},"setName":null,"stale":false,"type":"Unknown"},"stack":"MongooseServerSelectionError: connect ECONNREFUSED 127.0.0.1:27017\n    at _handleConnectionErrors (/home/taufik/Desktop/applifyTask/backend/node_modules/mongoose/lib/connection.js:1169:11)\n    at NativeConnection.openUri (/home/taufik/Desktop/applifyTask/backend/node_modules/mongoose/lib/connection.js:1100:11)\n    at async dbConnect (file:///home/taufik/Desktop/applifyTask/backend/src/config/database.config.js:5:3)","timestamp":"2026-07-12T10:52:51.098Z"}
{"cause":{"commonWireVersion":0,"compatible":true,"heartbeatFrequencyMS":10000,"localThresholdMS":15,"logicalSessionTimeoutMinutes":null,"maxElectionId":null,"maxSetVersion":null,"servers":{"160.25.226.5:27017":{"$clusterTime":null,"address":"160.25.226.5:27017","arbiters":[],"electionId":null,"error":{"beforeHandshake":false,"errorLabelSet":{}},"hosts":[],"iscryptd":false,"lastUpdateTime":9594067,"lastWriteDate":0,"logicalSessionTimeoutMinutes":null,"maxBsonObjectSize":null,"maxMessageSizeBytes":null,"maxWireVersion":0,"maxWriteBatchSize":null,"me":null,"minRoundTripTime":0,"minWireVersion":0,"passives":[],"primary":null,"roundTripTime":-1,"setName":null,"setVersion":null,"tags":{},"topologyVersion":null,"type":"Unknown"}},"setName":null,"stale":false,"type":"Unknown"},"errorLabelSet":{},"level":"error","message":"Error connecting to database Socket 'connect' timed out after 30017ms (connectTimeoutMS: 30000)","reason":{"commonWireVersion":0,"compatible":true,"heartbeatFrequencyMS":10000,"localThresholdMS":15,"logicalSessionTimeoutMinutes":null,"maxElectionId":null,"maxSetVersion":null,"servers":{"160.25.226.5:27017":{"$clusterTime":null,"address":"160.25.226.5:27017","arbiters":[],"electionId":null,"error":{"beforeHandshake":false,"errorLabelSet":{}},"hosts":[],"iscryptd":false,"lastUpdateTime":9594067,"lastWriteDate":0,"logicalSessionTimeoutMinutes":null,"maxBsonObjectSize":null,"maxMessageSizeBytes":null,"maxWireVersion":0,"maxWriteBatchSize":null,"me":null,"minRoundTripTime":0,"minWireVersion":0,"passives":[],"primary":null,"roundTripTime":-1,"setName":null,"setVersion":null,"tags":{},"topologyVersion":null,"type":"Unknown"}},"setName":null,"stale":false,"type":"Unknown"},"stack":"MongooseServerSelectionError: Socket 'connect' timed out after 30017ms (connectTimeoutMS: 30000)\n    at _handleConnectionErrors (/home/taufik/Desktop/applifyTask/backend/node_modules/mongoose/lib/connection.js:1169:11)\n    at NativeConnection.openUri (/home/taufik/Desktop/applifyTask/backend/node_modules/mongoose/lib/connection.js:1100:11)\n    at async dbConnect (file:///home/taufik/Desktop/applifyTask/backend/src/config/database.config.js:5:3)","timestamp":"2026-07-12T10:56:21.992Z"}
{"cause":{"commonWireVersion":0,"compatible":true,"heartbeatFrequencyMS":10000,"localThresholdMS":15,"logicalSessionTimeoutMinutes":null,"maxElectionId":null,"maxSetVersion":null,"servers":{"160.25.226.5:27017":{"$clusterTime":null,"address":"160.25.226.5:27017","arbiters":[],"electionId":null,"error":{"beforeHandshake":false,"errorLabelSet":{}},"hosts":[],"iscryptd":false,"lastUpdateTime":9691715,"lastWriteDate":0,"logicalSessionTimeoutMinutes":null,"maxBsonObjectSize":null,"maxMessageSizeBytes":null,"maxWireVersion":0,"maxWriteBatchSize":null,"me":null,"minRoundTripTime":0,"minWireVersion":0,"passives":[],"primary":null,"roundTripTime":-1,"setName":null,"setVersion":null,"tags":{},"topologyVersion":null,"type":"Unknown"}},"setName":null,"stale":false,"type":"Unknown"},"errorLabelSet":{},"level":"error","message":"Error connecting to database Socket 'connect' timed out after 30017ms (connectTimeoutMS: 30000)","reason":{"commonWireVersion":0,"compatible":true,"heartbeatFrequencyMS":10000,"localThresholdMS":15,"logicalSessionTimeoutMinutes":null,"maxElectionId":null,"maxSetVersion":null,"servers":{"160.25.226.5:27017":{"$clusterTime":null,"address":"160.25.226.5:27017","arbiters":[],"electionId":null,"error":{"beforeHandshake":false,"errorLabelSet":{}},"hosts":[],"iscryptd":false,"lastUpdateTime":9691715,"lastWriteDate":0,"logicalSessionTimeoutMinutes":null,"maxBsonObjectSize":null,"maxMessageSizeBytes":null,"maxWireVersion":0,"maxWriteBatchSize":null,"me":null,"minRoundTripTime":0,"minWireVersion":0,"passives":[],"primary":null,"roundTripTime":-1,"setName":null,"setVersion":null,"tags":{},"topologyVersion":null,"type":"Unknown"}},"setName":null,"stale":false,"type":"Unknown"},"stack":"MongooseServerSelectionError: Socket 'connect' timed out after 30017ms (connectTimeoutMS: 30000)\n    at _handleConnectionErrors (/home/taufik/Desktop/applifyTask/backend/node_modules/mongoose/lib/connection.js:1169:11)\n    at NativeConnection.openUri (/home/taufik/Desktop/applifyTask/backend/node_modules/mongoose/lib/connection.js:1100:11)\n    at async dbConnect (file:///home/taufik/Desktop/applifyTask/backend/src/config/database.config.js:5:3)","timestamp":"2026-07-12T10:57:59.641Z"}
{"level":"info","message":"Database Connected","timestamp":"2026-07-12T11:01:07.177Z"}
{"level":"info","message":"Server running in development mode on port 4000","timestamp":"2026-07-12T11:01:07.185Z"}
{"level":"info","message":"Database Connected","timestamp":"2026-07-13T04:49:40.010Z"}
{"level":"info","message":"Database Connected","timestamp":"2026-07-13T04:49:50.272Z"}
{"level":"info","message":"Server running in development mode on port 4000","timestamp":"2026-07-13T04:49:50.275Z"}
{"level":"info","message":"Database Connected","timestamp":"2026-07-13T05:12:03.644Z"}
{"level":"info","message":"Server running in development mode on port 4000","timestamp":"2026-07-13T05:12:03.647Z"}
{"level":"info","message":"Database Connected","timestamp":"2026-07-13T06:06:06.207Z"}
{"level":"info","message":"Database Connected","timestamp":"2026-07-13T06:09:45.759Z"}
{"level":"info","message":"Database Connected","timestamp":"2026-07-13T06:09:59.867Z"}
{"level":"info","message":"Database Connected","timestamp":"2026-07-13T06:10:14.490Z"}
{"level":"info","message":"Database Connected","timestamp":"2026-07-13T06:10:35.096Z"}
{"level":"info","message":"Database Connected","timestamp":"2026-07-13T06:21:28.760Z"}
{"level":"info","message":"Server running in development mode on port 4000","timestamp":"2026-07-13T06:21:28.764Z"}
{"level":"info","message":"Database Connected","timestamp":"2026-07-13T06:25:21.332Z"}
{"level":"info","message":"Server running in development mode on port 4000","timestamp":"2026-07-13T06:25:21.335Z"}
{"level":"info","message":"Database Connected","timestamp":"2026-07-13T07:07:19.181Z"}
{"level":"info","message":"Server running in development mode on port 4000","timestamp":"2026-07-13T07:07:19.184Z"}
{"level":"info","message":"Database Connected","timestamp":"2026-07-13T07:17:13.686Z"}
{"level":"info","message":"Server running in development mode on port 4000","timestamp":"2026-07-13T07:17:13.689Z"}
{"level":"info","message":"Database Connected","timestamp":"2026-07-13T12:54:03.679Z"}
{"level":"info","message":"Server running in development mode on port 4000","timestamp":"2026-07-13T12:54:03.693Z"}
{"level":"info","message":"Database Connected","timestamp":"2026-07-13T12:54:10.365Z"}
{"level":"info","message":"Server running in development mode on port 4000","timestamp":"2026-07-13T12:54:10.369Z"}
{"level":"info","message":"Database Connected","timestamp":"2026-07-13T13:26:00.753Z"}
{"level":"info","message":"Server running in development mode on port 4000","timestamp":"2026-07-13T13:26:00.765Z"}
{"level":"info","message":"Database Connected","timestamp":"2026-07-13T13:26:09.459Z"}
{"level":"info","message":"Server running in development mode on port 4000","timestamp":"2026-07-13T13:26:09.462Z"}
{"level":"info","message":"Database Connected","timestamp":"2026-07-13T14:12:51.892Z"}
{"level":"info","message":"Server running in development mode on port 4000","timestamp":"2026-07-13T14:12:51.896Z"}
{"level":"info","message":"Database Connected","timestamp":"2026-07-13T14:13:09.252Z"}
{"level":"info","message":"Server running in development mode on port 4000","timestamp":"2026-07-13T14:13:09.259Z"}
{"level":"info","message":"Database Connected","timestamp":"2026-07-13T14:15:26.471Z"}
{"level":"info","message":"Server running in development mode on port 4000","timestamp":"2026-07-13T14:15:26.475Z"}
{"level":"info","message":"Database Connected","timestamp":"2026-07-13T14:15:32.910Z"}
{"level":"info","message":"Server running in development mode on port 4000","timestamp":"2026-07-13T14:15:32.916Z"}
{"level":"info","message":"Database Connected","timestamp":"2026-07-13T14:17:38.896Z"}
{"level":"info","message":"Server running in development mode on port 4000","timestamp":"2026-07-13T14:17:38.899Z"}
{"level":"info","message":"Database Connected","timestamp":"2026-07-13T14:17:43.235Z"}
{"level":"info","message":"Server running in development mode on port 4000","timestamp":"2026-07-13T14:17:43.239Z"}
{"level":"info","message":"Database Connected","timestamp":"2026-07-13T14:17:45.698Z"}
{"level":"info","message":"Server running in development mode on port 4000","timestamp":"2026-07-13T14:17:45.709Z"}
{"level":"info","message":"Database Connected","timestamp":"2026-07-13T14:17:47.894Z"}
{"level":"info","message":"Server running in development mode on port 4000","timestamp":"2026-07-13T14:17:47.897Z"}
{"level":"info","message":"Database Connected","timestamp":"2026-07-13T14:17:50.974Z"}
{"level":"info","message":"Server running in development mode on port 4000","timestamp":"2026-07-13T14:17:50.978Z"}
{"level":"info","message":"Database Connected","timestamp":"2026-07-13T14:17:53.243Z"}
{"level":"info","message":"Server running in development mode on port 4000","timestamp":"2026-07-13T14:17:53.248Z"}
{"level":"info","message":"Database Connected","timestamp":"2026-07-13T14:17:58.423Z"}
{"level":"info","message":"Server running in development mode on port 4000","timestamp":"2026-07-13T14:17:58.426Z"}
{"level":"info","message":"Database Connected","timestamp":"2026-07-13T14:18:06.903Z"}
{"level":"info","message":"Server running in development mode on port 4000","timestamp":"2026-07-13T14:18:06.906Z"}
{"level":"info","message":"Database Connected","timestamp":"2026-07-13T14:18:10.550Z"}
{"level":"info","message":"Server running in development mode on port 4000","timestamp":"2026-07-13T14:18:10.553Z"}
{"level":"info","message":"Database Connected","timestamp":"2026-07-13T14:20:14.171Z"}
{"level":"info","message":"Server running in development mode on port 4000","timestamp":"2026-07-13T14:20:14.174Z"}
{"level":"info","message":"Database Connected","timestamp":"2026-07-13T14:27:35.739Z"}
{"level":"info","message":"Server running in development mode on port 4000","timestamp":"2026-07-13T14:27:35.742Z"}
{"level":"info","message":"Database Connected","timestamp":"2026-07-13T14:27:44.222Z"}
{"level":"info","message":"Server running in development mode on port 4000","timestamp":"2026-07-13T14:27:44.226Z"}
{"level":"info","message":"Database Connected","timestamp":"2026-07-13T14:27:49.075Z"}
{"level":"info","message":"Server running in development mode on port 4000","timestamp":"2026-07-13T14:27:49.080Z"}
{"level":"info","message":"Database Connected","timestamp":"2026-07-13T14:27:57.487Z"}
{"level":"info","message":"Server running in development mode on port 4000","timestamp":"2026-07-13T14:27:57.491Z"}
{"level":"info","message":"Database Connected","timestamp":"2026-07-13T14:28:04.526Z"}
{"level":"info","message":"Server running in development mode on port 4000","timestamp":"2026-07-13T14:28:04.529Z"}
{"level":"info","message":"Database Connected","timestamp":"2026-07-13T14:30:39.735Z"}
{"level":"info","message":"Server running in development mode on port 4000","timestamp":"2026-07-13T14:30:39.739Z"}
{"level":"info","message":"Database Connected","timestamp":"2026-07-13T14:31:57.216Z"}
{"level":"info","message":"Server running in development mode on port 4000","timestamp":"2026-07-13T14:31:57.221Z"}
{"level":"info","message":"Database Connected","timestamp":"2026-07-13T14:32:16.991Z"}
{"level":"info","message":"Server running in development mode on port 4000","timestamp":"2026-07-13T14:32:17.000Z"}
{"level":"info","message":"Database Connected","timestamp":"2026-07-13T14:32:21.893Z"}
{"level":"info","message":"Server running in development mode on port 4000","timestamp":"2026-07-13T14:32:21.902Z"}
{"level":"info","message":"Database Connected","timestamp":"2026-07-13T14:32:27.605Z"}
{"level":"info","message":"Server running in development mode on port 4000","timestamp":"2026-07-13T14:32:27.613Z"}
{"level":"info","message":"Database Connected","timestamp":"2026-07-13T14:32:32.649Z"}
{"level":"info","message":"[image-worker] Listening on queue \"image-upload\"","timestamp":"2026-07-13T14:32:32.651Z"}
{"level":"info","message":"Database Connected","timestamp":"2026-07-13T14:33:01.694Z"}
{"level":"info","message":"[image-worker] Job 1 completed","timestamp":"2026-07-13T14:33:04.347Z"}
{"level":"info","message":"Database Disconnected","timestamp":"2026-07-13T14:33:04.463Z"}
{"level":"info","message":"Database Connected","timestamp":"2026-07-13T14:49:02.556Z"}
{"level":"info","message":"[image-worker] Listening on queue \"image-upload\"","timestamp":"2026-07-13T14:49:02.560Z"}
{"level":"info","message":"Database Connected","timestamp":"2026-07-13T14:55:56.527Z"}
{"level":"info","message":"[image-worker] Listening on queue \"image-upload\"","timestamp":"2026-07-13T14:55:56.529Z"}
{"level":"info","message":"Database Connected","timestamp":"2026-07-13T14:55:56.537Z"}
{"level":"info","message":"Server running in development mode on port 4000","timestamp":"2026-07-13T14:55:56.542Z"}
{"level":"info","message":"Database Connected","timestamp":"2026-07-13T14:56:17.974Z"}
{"level":"info","message":"Database Connected","timestamp":"2026-07-13T14:56:17.975Z"}
{"level":"info","message":"[image-worker] Listening on queue \"image-upload\"","timestamp":"2026-07-13T14:56:17.977Z"}
{"level":"info","message":"Server running in development mode on port 4000","timestamp":"2026-07-13T14:56:17.980Z"}
{"level":"info","message":"Database Connected","timestamp":"2026-07-13T14:56:22.565Z"}
{"level":"info","message":"Server running in development mode on port 4000","timestamp":"2026-07-13T14:56:22.568Z"}
{"level":"info","message":"Database Connected","timestamp":"2026-07-13T14:56:22.604Z"}
{"level":"info","message":"[image-worker] Listening on queue \"image-upload\"","timestamp":"2026-07-13T14:56:22.606Z"}
{"level":"info","message":"Database Connected","timestamp":"2026-07-13T14:56:37.556Z"}
{"level":"info","message":"Server running in development mode on port 4000","timestamp":"2026-07-13T14:56:37.559Z"}
{"level":"info","message":"Database Connected","timestamp":"2026-07-13T14:56:37.639Z"}
{"level":"info","message":"[image-worker] Listening on queue \"image-upload\"","timestamp":"2026-07-13T14:56:37.642Z"}
{"level":"info","message":"Database Connected","timestamp":"2026-07-13T14:56:47.478Z"}
{"level":"info","message":"Database Connected","timestamp":"2026-07-13T14:56:47.478Z"}
{"level":"info","message":"[image-worker] Listening on queue \"image-upload\"","timestamp":"2026-07-13T14:56:47.481Z"}
{"level":"info","message":"Server running in development mode on port 4000","timestamp":"2026-07-13T14:56:47.484Z"}
{"level":"info","message":"Database Connected","timestamp":"2026-07-13T14:56:55.484Z"}
{"level":"info","message":"[image-worker] Listening on queue \"image-upload\"","timestamp":"2026-07-13T14:56:55.491Z"}
{"level":"info","message":"Database Connected","timestamp":"2026-07-13T14:56:55.513Z"}
{"level":"info","message":"Server running in development mode on port 4000","timestamp":"2026-07-13T14:56:55.516Z"}
{"level":"info","message":"Database Connected","timestamp":"2026-07-13T14:57:08.237Z"}
{"level":"info","message":"Database Connected","timestamp":"2026-07-13T14:57:08.238Z"}
{"level":"info","message":"[image-worker] Listening on queue \"image-upload\"","timestamp":"2026-07-13T14:57:08.240Z"}
{"level":"info","message":"Server running in development mode on port 4000","timestamp":"2026-07-13T14:57:08.243Z"}
{"level":"info","message":"Database Connected","timestamp":"2026-07-13T14:57:12.380Z"}
{"level":"info","message":"Server running in development mode on port 4000","timestamp":"2026-07-13T14:57:12.384Z"}
{"level":"info","message":"Database Connected","timestamp":"2026-07-13T14:57:12.415Z"}
{"level":"info","message":"[image-worker] Listening on queue \"image-upload\"","timestamp":"2026-07-13T14:57:12.421Z"}
{"level":"info","message":"Database Connected","timestamp":"2026-07-13T14:57:18.981Z"}
{"level":"info","message":"[image-worker] Listening on queue \"image-upload\"","timestamp":"2026-07-13T14:57:18.989Z"}
{"level":"info","message":"Database Connected","timestamp":"2026-07-13T14:57:19.040Z"}
{"level":"info","message":"Server running in development mode on port 4000","timestamp":"2026-07-13T14:57:19.054Z"}
{"level":"info","message":"Database Connected","timestamp":"2026-07-13T14:57:23.291Z"}
{"level":"info","message":"[image-worker] Listening on queue \"image-upload\"","timestamp":"2026-07-13T14:57:23.294Z"}
{"level":"info","message":"Database Connected","timestamp":"2026-07-13T14:57:23.379Z"}
{"level":"info","message":"Server running in development mode on port 4000","timestamp":"2026-07-13T14:57:23.382Z"}
{"level":"info","message":"Database Connected","timestamp":"2026-07-13T14:57:41.567Z"}
{"level":"info","message":"Server running in development mode on port 4000","timestamp":"2026-07-13T14:57:41.570Z"}
{"level":"info","message":"[image-worker] Job 2 completed","timestamp":"2026-07-13T14:58:22.194Z"}
{"level":"info","message":"Database Connected","timestamp":"2026-07-13T14:58:53.654Z"}
{"level":"info","message":"Database Disconnected","timestamp":"2026-07-13T14:58:54.190Z"}
{"level":"info","message":"Database Connected","timestamp":"2026-07-13T15:04:54.649Z"}
{"level":"info","message":"[image-worker] Listening on queue \"image-upload\"","timestamp":"2026-07-13T15:04:54.652Z"}
{"level":"info","message":"Database Connected","timestamp":"2026-07-13T15:04:54.698Z"}
{"level":"info","message":"Server running in development mode on port 4000","timestamp":"2026-07-13T15:04:54.703Z"}
{"level":"info","message":"Database Connected","timestamp":"2026-07-13T15:05:02.011Z"}
{"level":"info","message":"[image-worker] Listening on queue \"image-upload\"","timestamp":"2026-07-13T15:05:02.013Z"}
{"level":"info","message":"Database Connected","timestamp":"2026-07-13T15:05:02.259Z"}
{"level":"info","message":"Server running in development mode on port 4000","timestamp":"2026-07-13T15:05:02.266Z"}
{"level":"info","message":"Database Connected","timestamp":"2026-07-13T15:05:07.913Z"}
{"level":"info","message":"[image-worker] Listening on queue \"image-upload\"","timestamp":"2026-07-13T15:05:07.917Z"}
{"level":"info","message":"Database Connected","timestamp":"2026-07-13T15:05:08.052Z"}
{"level":"info","message":"Server running in development mode on port 4000","timestamp":"2026-07-13T15:05:08.055Z"}
{"level":"info","message":"Database Connected","timestamp":"2026-07-13T15:05:13.160Z"}
{"level":"info","message":"[image-worker] Listening on queue \"image-upload\"","timestamp":"2026-07-13T15:05:13.162Z"}
{"level":"info","message":"Database Connected","timestamp":"2026-07-13T15:05:13.230Z"}
{"level":"info","message":"Server running in development mode on port 4000","timestamp":"2026-07-13T15:05:13.233Z"}
{"level":"info","message":"Database Connected","timestamp":"2026-07-13T15:05:17.605Z"}
{"level":"info","message":"[image-worker] Listening on queue \"image-upload\"","timestamp":"2026-07-13T15:05:17.606Z"}
{"level":"info","message":"Database Connected","timestamp":"2026-07-13T15:05:17.765Z"}
{"level":"info","message":"Server running in development mode on port 4000","timestamp":"2026-07-13T15:05:17.770Z"}
{"level":"info","message":"Database Connected","timestamp":"2026-07-13T15:05:23.440Z"}
{"level":"info","message":"[image-worker] Listening on queue \"image-upload\"","timestamp":"2026-07-13T15:05:23.443Z"}
{"level":"info","message":"Database Connected","timestamp":"2026-07-13T15:05:23.573Z"}
{"level":"info","message":"Server running in development mode on port 4000","timestamp":"2026-07-13T15:05:23.576Z"}
{"level":"info","message":"Database Connected","timestamp":"2026-07-13T15:05:36.301Z"}
{"level":"info","message":"Server running in development mode on port 4000","timestamp":"2026-07-13T15:05:36.305Z"}
{"level":"info","message":"Database Connected","timestamp":"2026-07-13T15:06:08.363Z"}
{"level":"info","message":"Database Disconnected","timestamp":"2026-07-13T15:06:08.909Z"}
{"level":"info","message":"Database Connected","timestamp":"2026-07-13T15:14:17.629Z"}
{"level":"info","message":"Server running in development mode on port 4000","timestamp":"2026-07-13T15:14:17.633Z"}
{"level":"info","message":"Database Connected","timestamp":"2026-07-13T15:15:00.159Z"}
{"level":"info","message":"Database Disconnected","timestamp":"2026-07-13T15:15:00.683Z"}
{"level":"info","message":"Database Connected","timestamp":"2026-07-13T15:17:33.207Z"}
{"level":"info","message":"Server running in development mode on port 4000","timestamp":"2026-07-13T15:17:33.214Z"}
{"level":"info","message":"Database Connected","timestamp":"2026-07-13T15:17:59.530Z"}
{"level":"info","message":"Database Disconnected","timestamp":"2026-07-13T15:18:00.056Z"}
{"level":"info","message":"Database Connected","timestamp":"2026-07-13T15:23:29.713Z"}
{"level":"info","message":"Server running in development mode on port 4000","timestamp":"2026-07-13T15:23:29.716Z"}
{"level":"info","message":"Database Connected","timestamp":"2026-07-13T15:23:41.929Z"}
{"level":"info","message":"Database Disconnected","timestamp":"2026-07-13T15:23:42.404Z"}
{"level":"info","message":"Database Connected","timestamp":"2026-07-13T15:45:44.306Z"}
{"level":"info","message":"Server running in development mode on port 4000","timestamp":"2026-07-13T15:45:44.319Z"}
{"level":"info","message":"Database Connected","timestamp":"2026-07-13T15:45:57.125Z"}
{"level":"info","message":"Database Disconnected","timestamp":"2026-07-13T15:45:57.645Z"}
{"level":"info","message":"Database Connected","timestamp":"2026-07-13T15:46:50.051Z"}
{"level":"info","message":"[image-worker] Listening on queue \"image-upload\"","timestamp":"2026-07-13T15:46:50.059Z"}
{"level":"info","message":"Database Connected","timestamp":"2026-07-13T15:46:56.880Z"}
{"level":"info","message":"[image-worker] Listening on queue \"image-upload\"","timestamp":"2026-07-13T15:46:56.889Z"}
{"level":"info","message":"Database Connected","timestamp":"2026-07-13T15:50:41.703Z"}
{"level":"info","message":"Server running in development mode on port 4000","timestamp":"2026-07-13T15:50:41.713Z"}
{"level":"info","message":"Database Connected","timestamp":"2026-07-13T15:50:53.813Z"}
{"level":"info","message":"[image-worker] Listening on queue \"image-upload\"","timestamp":"2026-07-13T15:50:53.815Z"}
{"level":"info","message":"[image-worker] Job 3 completed","timestamp":"2026-07-13T15:51:17.426Z"}
{"level":"info","message":"[image-worker] Job 4 completed","timestamp":"2026-07-13T15:55:29.162Z"}
{"level":"info","message":"Database Connected","timestamp":"2026-07-13T15:55:49.942Z"}
{"level":"info","message":"Database Disconnected","timestamp":"2026-07-13T15:55:50.451Z"}
{"level":"info","message":"[image-worker] Job 5 completed","timestamp":"2026-07-13T16:01:15.179Z"}
{"level":"info","message":"[image-worker] Job 6 completed","timestamp":"2026-07-13T16:01:51.522Z"}
{"level":"info","message":"Database Connected","timestamp":"2026-07-14T05:14:18.648Z"}
{"level":"info","message":"Server running in development mode on port 4000","timestamp":"2026-07-14T05:14:18.651Z"}
{"level":"info","message":"Database Connected","timestamp":"2026-07-14T05:14:29.402Z"}
{"level":"info","message":"[image-worker] Listening on queue \"image-upload\"","timestamp":"2026-07-14T05:14:29.403Z"}
{"level":"info","message":"Database Connected","timestamp":"2026-07-14T05:24:22.957Z"}
{"level":"info","message":"[image-worker] Listening on queue \"image-upload\"","timestamp":"2026-07-14T05:24:22.959Z"}
{"level":"info","message":"Database Connected","timestamp":"2026-07-14T05:24:32.772Z"}
{"level":"info","message":"[image-worker] Listening on queue \"image-upload\"","timestamp":"2026-07-14T05:24:32.773Z"}
{"level":"info","message":"Database Connected","timestamp":"2026-07-14T05:24:41.070Z"}
{"level":"info","message":"[image-worker] Listening on queue \"image-upload\"","timestamp":"2026-07-14T05:24:41.072Z"}
{"level":"info","message":"Database Connected","timestamp":"2026-07-14T05:24:43.705Z"}
{"level":"info","message":"[image-worker] Listening on queue \"image-upload\"","timestamp":"2026-07-14T05:24:43.707Z"}
{"level":"info","message":"Database Connected","timestamp":"2026-07-14T05:24:49.319Z"}
{"level":"info","message":"[image-worker] Listening on queue \"image-upload\"","timestamp":"2026-07-14T05:24:49.321Z"}
{"level":"info","message":"Database Connected","timestamp":"2026-07-14T05:24:52.876Z"}
{"level":"info","message":"[image-worker] Listening on queue \"image-upload\"","timestamp":"2026-07-14T05:24:52.878Z"}
{"level":"info","message":"Database Connected","timestamp":"2026-07-14T05:25:01.112Z"}
{"level":"info","message":"[image-worker] Listening on queue \"image-upload\"","timestamp":"2026-07-14T05:25:01.114Z"}
{"level":"info","message":"Database Connected","timestamp":"2026-07-14T05:25:05.628Z"}
{"level":"info","message":"[image-worker] Listening on queue \"image-upload\"","timestamp":"2026-07-14T05:25:05.629Z"}
{"level":"info","message":"Database Connected","timestamp":"2026-07-14T05:25:12.753Z"}
{"level":"info","message":"[image-worker] Listening on queue \"image-upload\"","timestamp":"2026-07-14T05:25:12.755Z"}
{"level":"info","message":"Database Connected","timestamp":"2026-07-14T05:25:18.877Z"}
{"level":"info","message":"[image-worker] Listening on queue \"image-upload\"","timestamp":"2026-07-14T05:25:18.879Z"}
{"level":"info","message":"Database Connected","timestamp":"2026-07-14T05:28:02.018Z"}
{"level":"info","message":"[image-worker] Listening on queue \"image-upload\"","timestamp":"2026-07-14T05:28:02.019Z"}
{"level":"info","message":"Database Connected","timestamp":"2026-07-14T05:28:29.848Z"}
{"level":"info","message":"[image-worker] Listening on queue \"image-upload\"","timestamp":"2026-07-14T05:28:29.850Z"}
{"level":"info","message":"Database Connected","timestamp":"2026-07-14T05:29:34.522Z"}
{"level":"info","message":"[image-worker] Listening on queue \"image-upload\"","timestamp":"2026-07-14T05:29:34.524Z"}
{"level":"info","message":"Database Connected","timestamp":"2026-07-14T05:38:18.500Z"}
{"level":"info","message":"[image-worker] Listening on queue \"image-upload\"","timestamp":"2026-07-14T05:38:18.502Z"}
{"level":"info","message":"Database Connected","timestamp":"2026-07-14T05:38:33.890Z"}
{"level":"info","message":"[image-worker] Listening on queue \"image-upload\"","timestamp":"2026-07-14T05:38:33.891Z"}
{"level":"info","message":"Database Connected","timestamp":"2026-07-14T05:38:37.742Z"}
{"level":"info","message":"[image-worker] Listening on queue \"image-upload\"","timestamp":"2026-07-14T05:38:37.743Z"}
{"level":"info","message":"Database Connected","timestamp":"2026-07-14T05:38:54.936Z"}
{"level":"info","message":"[image-worker] Listening on queue \"image-upload\"","timestamp":"2026-07-14T05:38:54.937Z"}
{"level":"info","message":"Database Connected","timestamp":"2026-07-14T06:04:41.346Z"}
{"level":"info","message":"[image-worker] Listening on queue \"image-upload\"","timestamp":"2026-07-14T06:04:41.347Z"}
{"level":"info","message":"Database Connected","timestamp":"2026-07-14T06:04:44.443Z"}
{"level":"info","message":"[image-worker] Listening on queue \"image-upload\"","timestamp":"2026-07-14T06:04:44.445Z"}
{"level":"info","message":"Database Connected","timestamp":"2026-07-14T06:04:51.500Z"}
{"level":"info","message":"[image-worker] Listening on queue \"image-upload\"","timestamp":"2026-07-14T06:04:51.502Z"}
{"level":"info","message":"Database Connected","timestamp":"2026-07-14T06:04:54.659Z"}
{"level":"info","message":"[image-worker] Listening on queue \"image-upload\"","timestamp":"2026-07-14T06:04:54.660Z"}
{"level":"info","message":"Database Connected","timestamp":"2026-07-14T06:09:10.414Z"}
{"level":"info","message":"[image-worker] Listening on queue \"image-upload\"","timestamp":"2026-07-14T06:09:10.416Z"}
{"level":"info","message":"Database Connected","timestamp":"2026-07-14T06:09:17.964Z"}
{"level":"info","message":"[image-worker] Listening on queue \"image-upload\"","timestamp":"2026-07-14T06:09:17.966Z"}
{"level":"info","message":"Database Connected","timestamp":"2026-07-14T06:14:57.563Z"}
{"level":"info","message":"[image-worker] Listening on queue \"image-upload\"","timestamp":"2026-07-14T06:14:57.565Z"}
{"level":"info","message":"Database Connected","timestamp":"2026-07-14T06:15:08.255Z"}
{"level":"info","message":"[image-worker] Listening on queue \"image-upload\"","timestamp":"2026-07-14T06:15:08.257Z"}
{"level":"info","message":"Database Connected","timestamp":"2026-07-14T06:15:18.453Z"}
{"level":"info","message":"[image-worker] Listening on queue \"image-upload\"","timestamp":"2026-07-14T06:15:18.455Z"}
{"level":"info","message":"Database Connected","timestamp":"2026-07-14T06:15:22.377Z"}
{"level":"info","message":"[image-worker] Listening on queue \"image-upload\"","timestamp":"2026-07-14T06:15:22.378Z"}
{"level":"info","message":"Database Connected","timestamp":"2026-07-14T06:15:25.366Z"}
{"level":"info","message":"[image-worker] Listening on queue \"image-upload\"","timestamp":"2026-07-14T06:15:25.368Z"}
{"level":"info","message":"Database Connected","timestamp":"2026-07-14T06:15:32.623Z"}
{"level":"info","message":"[image-worker] Listening on queue \"image-upload\"","timestamp":"2026-07-14T06:15:32.624Z"}
{"level":"info","message":"Database Connected","timestamp":"2026-07-14T06:15:37.226Z"}
{"level":"info","message":"[image-worker] Listening on queue \"image-upload\"","timestamp":"2026-07-14T06:15:37.228Z"}
{"level":"info","message":"Database Connected","timestamp":"2026-07-14T06:15:42.483Z"}
{"level":"info","message":"[image-worker] Listening on queue \"image-upload\"","timestamp":"2026-07-14T06:15:42.485Z"}
{"level":"info","message":"Database Connected","timestamp":"2026-07-14T06:15:46.307Z"}
{"level":"info","message":"[image-worker] Listening on queue \"image-upload\"","timestamp":"2026-07-14T06:15:46.308Z"}
{"level":"info","message":"Database Connected","timestamp":"2026-07-14T06:20:10.008Z"}
{"level":"info","message":"[image-worker] Listening on queue \"image-upload\"","timestamp":"2026-07-14T06:20:10.010Z"}
{"level":"info","message":"Database Connected","timestamp":"2026-07-14T06:20:15.810Z"}
{"level":"info","message":"[image-worker] Listening on queue \"image-upload\"","timestamp":"2026-07-14T06:20:15.811Z"}
{"level":"info","message":"Database Connected","timestamp":"2026-07-14T06:20:24.011Z"}
{"level":"info","message":"[image-worker] Listening on queue \"image-upload\"","timestamp":"2026-07-14T06:20:24.012Z"}
{"level":"info","message":"Database Connected","timestamp":"2026-07-14T06:20:30.662Z"}
{"level":"info","message":"[image-worker] Listening on queue \"image-upload\"","timestamp":"2026-07-14T06:20:30.664Z"}
{"level":"info","message":"Database Connected","timestamp":"2026-07-14T06:20:37.085Z"}
{"level":"info","message":"[image-worker] Listening on queue \"image-upload\"","timestamp":"2026-07-14T06:20:37.086Z"}
{"level":"info","message":"Database Connected","timestamp":"2026-07-14T06:20:40.457Z"}
{"level":"info","message":"[image-worker] Listening on queue \"image-upload\"","timestamp":"2026-07-14T06:20:40.459Z"}
{"level":"info","message":"Database Connected","timestamp":"2026-07-14T06:20:45.607Z"}
{"level":"info","message":"[image-worker] Listening on queue \"image-upload\"","timestamp":"2026-07-14T06:20:45.608Z"}
{"cause":{"commonWireVersion":0,"compatible":true,"heartbeatFrequencyMS":10000,"localThresholdMS":15,"logicalSessionTimeoutMinutes":null,"maxElectionId":null,"maxSetVersion":null,"servers":{"ac-a65mw6k-shard-00-00.d0vonza.mongodb.net:27017":{"$clusterTime":null,"address":"ac-a65mw6k-shard-00-00.d0vonza.mongodb.net:27017","arbiters":[],"electionId":null,"error":null,"hosts":[],"iscryptd":false,"lastUpdateTime":12680265,"lastWriteDate":0,"logicalSessionTimeoutMinutes":null,"maxBsonObjectSize":null,"maxMessageSizeBytes":null,"maxWireVersion":0,"maxWriteBatchSize":null,"me":null,"minRoundTripTime":0,"minWireVersion":0,"passives":[],"primary":null,"roundTripTime":-1,"setName":null,"setVersion":null,"tags":{},"topologyVersion":null,"type":"Unknown"},"ac-a65mw6k-shard-00-01.d0vonza.mongodb.net:27017":{"$clusterTime":null,"address":"ac-a65mw6k-shard-00-01.d0vonza.mongodb.net:27017","arbiters":[],"electionId":null,"error":null,"hosts":[],"iscryptd":false,"lastUpdateTime":12680265,"lastWriteDate":0,"logicalSessionTimeoutMinutes":null,"maxBsonObjectSize":null,"maxMessageSizeBytes":null,"maxWireVersion":0,"maxWriteBatchSize":null,"me":null,"minRoundTripTime":0,"minWireVersion":0,"passives":[],"primary":null,"roundTripTime":-1,"setName":null,"setVersion":null,"tags":{},"topologyVersion":null,"type":"Unknown"},"ac-a65mw6k-shard-00-02.d0vonza.mongodb.net:27017":{"$clusterTime":null,"address":"ac-a65mw6k-shard-00-02.d0vonza.mongodb.net:27017","arbiters":[],"electionId":null,"error":null,"hosts":[],"iscryptd":false,"lastUpdateTime":12680265,"lastWriteDate":0,"logicalSessionTimeoutMinutes":null,"maxBsonObjectSize":null,"maxMessageSizeBytes":null,"maxWireVersion":0,"maxWriteBatchSize":null,"me":null,"minRoundTripTime":0,"minWireVersion":0,"passives":[],"primary":null,"roundTripTime":-1,"setName":null,"setVersion":null,"tags":{},"topologyVersion":null,"type":"Unknown"}},"setName":"atlas-yls456-shard-0","stale":false,"type":"ReplicaSetNoPrimary"},"errorLabelSet":{},"level":"error","message":"Error connecting to database Could not connect to any servers in your MongoDB Atlas cluster. One common reason is that you're trying to access the database from an IP that isn't whitelisted. Make sure your current IP address is on your Atlas cluster's IP whitelist: https://www.mongodb.com/docs/atlas/security-whitelist/","reason":{"commonWireVersion":0,"compatible":true,"heartbeatFrequencyMS":10000,"localThresholdMS":15,"logicalSessionTimeoutMinutes":null,"maxElectionId":null,"maxSetVersion":null,"servers":{"ac-a65mw6k-shard-00-00.d0vonza.mongodb.net:27017":{"$clusterTime":null,"address":"ac-a65mw6k-shard-00-00.d0vonza.mongodb.net:27017","arbiters":[],"electionId":null,"error":null,"hosts":[],"iscryptd":false,"lastUpdateTime":12680265,"lastWriteDate":0,"logicalSessionTimeoutMinutes":null,"maxBsonObjectSize":null,"maxMessageSizeBytes":null,"maxWireVersion":0,"maxWriteBatchSize":null,"me":null,"minRoundTripTime":0,"minWireVersion":0,"passives":[],"primary":null,"roundTripTime":-1,"setName":null,"setVersion":null,"tags":{},"topologyVersion":null,"type":"Unknown"},"ac-a65mw6k-shard-00-01.d0vonza.mongodb.net:27017":{"$clusterTime":null,"address":"ac-a65mw6k-shard-00-01.d0vonza.mongodb.net:27017","arbiters":[],"electionId":null,"error":null,"hosts":[],"iscryptd":false,"lastUpdateTime":12680265,"lastWriteDate":0,"logicalSessionTimeoutMinutes":null,"maxBsonObjectSize":null,"maxMessageSizeBytes":null,"maxWireVersion":0,"maxWriteBatchSize":null,"me":null,"minRoundTripTime":0,"minWireVersion":0,"passives":[],"primary":null,"roundTripTime":-1,"setName":null,"setVersion":null,"tags":{},"topologyVersion":null,"type":"Unknown"},"ac-a65mw6k-shard-00-02.d0vonza.mongodb.net:27017":{"$clusterTime":null,"address":"ac-a65mw6k-shard-00-02.d0vonza.mongodb.net:27017","arbiters":[],"electionId":null,"error":null,"hosts":[],"iscryptd":false,"lastUpdateTime":12680265,"lastWriteDate":0,"logicalSessionTimeoutMinutes":null,"maxBsonObjectSize":null,"maxMessageSizeBytes":null,"maxWireVersion":0,"maxWriteBatchSize":null,"me":null,"minRoundTripTime":0,"minWireVersion":0,"passives":[],"primary":null,"roundTripTime":-1,"setName":null,"setVersion":null,"tags":{},"topologyVersion":null,"type":"Unknown"}},"setName":"atlas-yls456-shard-0","stale":false,"type":"ReplicaSetNoPrimary"},"stack":"MongooseServerSelectionError: Could not connect to any servers in your MongoDB Atlas cluster. One common reason is that you're trying to access the database from an IP that isn't whitelisted. Make sure your current IP address is on your Atlas cluster's IP whitelist: https://www.mongodb.com/docs/atlas/security-whitelist/\n    at _handleConnectionErrors (/home/desktop/Desktop/LabTask/backend/node_modules/mongoose/lib/connection.js:1169:11)\n    at NativeConnection.openUri (/home/desktop/Desktop/LabTask/backend/node_modules/mongoose/lib/connection.js:1100:11)\n    at async dbConnect (file:///home/desktop/Desktop/LabTask/backend/src/config/database.config.js:5:3)","timestamp":"2026-07-14T06:21:29.976Z"}
{"level":"info","message":"Database Connected","timestamp":"2026-07-14T06:23:54.049Z"}
{"level":"info","message":"[image-worker] Listening on queue \"image-upload\"","timestamp":"2026-07-14T06:23:54.051Z"}
{"level":"info","message":"Database Connected","timestamp":"2026-07-14T06:24:02.430Z"}
{"level":"info","message":"[image-worker] Listening on queue \"image-upload\"","timestamp":"2026-07-14T06:24:02.432Z"}
{"level":"info","message":"Database Connected","timestamp":"2026-07-14T06:24:09.863Z"}
{"level":"info","message":"[image-worker] Listening on queue \"image-upload\"","timestamp":"2026-07-14T06:24:09.864Z"}
{"level":"info","message":"Database Connected","timestamp":"2026-07-14T06:24:16.246Z"}
{"level":"info","message":"[image-worker] Listening on queue \"image-upload\"","timestamp":"2026-07-14T06:24:16.247Z"}
{"level":"info","message":"Database Connected","timestamp":"2026-07-14T06:24:22.688Z"}
{"level":"info","message":"[image-worker] Listening on queue \"image-upload\"","timestamp":"2026-07-14T06:24:22.690Z"}
{"level":"info","message":"Database Connected","timestamp":"2026-07-14T06:24:25.240Z"}
{"level":"info","message":"[image-worker] Listening on queue \"image-upload\"","timestamp":"2026-07-14T06:24:25.242Z"}
{"level":"info","message":"Database Connected","timestamp":"2026-07-14T12:51:49.779Z"}
{"level":"info","message":"Server running in development mode on port 4000","timestamp":"2026-07-14T12:51:49.782Z"}
{"level":"info","message":"Database Connected","timestamp":"2026-07-14T12:52:05.827Z"}
{"level":"info","message":"[image-worker] Listening on queue \"image-upload\"","timestamp":"2026-07-14T12:52:05.835Z"}
{"level":"info","message":"Database Connected","timestamp":"2026-07-14T13:07:39.041Z"}
{"level":"info","message":"Server running in development mode on port 4000","timestamp":"2026-07-14T13:07:39.056Z"}
{"level":"info","message":"Database Connected","timestamp":"2026-07-14T13:07:50.066Z"}
{"level":"info","message":"[image-worker] Listening on queue \"image-upload\"","timestamp":"2026-07-14T13:07:50.068Z"}
{"level":"info","message":"Database Connected","timestamp":"2026-07-14T13:09:46.554Z"}
{"level":"info","message":"[image-worker] Listening on queue \"image-upload\"","timestamp":"2026-07-14T13:09:46.557Z"}
{"level":"info","message":"Database Connected","timestamp":"2026-07-14T13:09:51.391Z"}
{"level":"info","message":"[image-worker] Listening on queue \"image-upload\"","timestamp":"2026-07-14T13:09:51.400Z"}
{"level":"info","message":"Database Connected","timestamp":"2026-07-14T13:09:57.563Z"}
{"level":"info","message":"[image-worker] Listening on queue \"image-upload\"","timestamp":"2026-07-14T13:09:57.566Z"}
{"level":"info","message":"Database Connected","timestamp":"2026-07-14T13:11:33.880Z"}
{"level":"info","message":"Server running in development mode on port 4000","timestamp":"2026-07-14T13:11:33.883Z"}
{"level":"info","message":"Database Connected","timestamp":"2026-07-14T13:38:12.417Z"}
{"level":"info","message":"[image-worker] Listening on queue \"image-upload\"","timestamp":"2026-07-14T13:38:12.420Z"}
{"level":"info","message":"Database Connected","timestamp":"2026-07-14T13:38:16.710Z"}
{"level":"info","message":"[image-worker] Listening on queue \"image-upload\"","timestamp":"2026-07-14T13:38:16.720Z"}
{"level":"info","message":"Database Connected","timestamp":"2026-07-14T13:38:23.922Z"}
{"level":"info","message":"[image-worker] Listening on queue \"image-upload\"","timestamp":"2026-07-14T13:38:23.925Z"}
{"level":"info","message":"Database Connected","timestamp":"2026-07-14T13:38:51.959Z"}
{"level":"info","message":"[image-worker] Listening on queue \"image-upload\"","timestamp":"2026-07-14T13:38:51.961Z"}
{"level":"info","message":"[image-worker] Job 7 completed","timestamp":"2026-07-14T13:39:31.334Z"}
{"level":"info","message":"[image-worker] Job 8 completed","timestamp":"2026-07-14T13:41:23.433Z"}
{"level":"info","message":"Database Connected","timestamp":"2026-07-15T04:33:38.034Z"}
{"level":"info","message":"[image-worker] Listening on queue \"image-upload\"","timestamp":"2026-07-15T04:33:38.035Z"}
{"level":"info","message":"Database Connected","timestamp":"2026-07-15T04:33:42.515Z"}
{"level":"info","message":"[image-worker] Listening on queue \"image-upload\"","timestamp":"2026-07-15T04:33:42.516Z"}
{"level":"info","message":"Database Connected","timestamp":"2026-07-15T04:33:52.640Z"}
{"level":"info","message":"[image-worker] Listening on queue \"image-upload\"","timestamp":"2026-07-15T04:33:52.641Z"}
{"level":"info","message":"Database Connected","timestamp":"2026-07-15T04:33:59.726Z"}
{"level":"info","message":"[image-worker] Listening on queue \"image-upload\"","timestamp":"2026-07-15T04:33:59.727Z"}
{"level":"info","message":"Database Connected","timestamp":"2026-07-15T04:34:04.753Z"}
{"level":"info","message":"[image-worker] Listening on queue \"image-upload\"","timestamp":"2026-07-15T04:34:04.754Z"}
{"level":"info","message":"Database Connected","timestamp":"2026-07-15T04:34:10.941Z"}
{"level":"info","message":"[image-worker] Listening on queue \"image-upload\"","timestamp":"2026-07-15T04:34:10.943Z"}
{"level":"info","message":"Database Connected","timestamp":"2026-07-15T04:38:32.499Z"}
{"level":"info","message":"[image-worker] Listening on queue \"image-upload\"","timestamp":"2026-07-15T04:38:32.501Z"}
{"level":"info","message":"Database Connected","timestamp":"2026-07-15T04:39:06.876Z"}
{"level":"info","message":"[image-worker] Listening on queue \"image-upload\"","timestamp":"2026-07-15T04:39:06.877Z"}
{"level":"info","message":"Database Connected","timestamp":"2026-07-15T04:39:10.261Z"}
{"level":"info","message":"[image-worker] Listening on queue \"image-upload\"","timestamp":"2026-07-15T04:39:10.262Z"}
{"level":"info","message":"Database Connected","timestamp":"2026-07-15T04:39:13.218Z"}
{"level":"info","message":"[image-worker] Listening on queue \"image-upload\"","timestamp":"2026-07-15T04:39:13.220Z"}
